TN:
SF:src/app.js
FNF:0
FNH:0
DA:1,1
DA:2,1
DA:3,1
DA:4,1
DA:5,1
DA:6,1
DA:7,1
DA:8,1
DA:9,1
DA:10,1
DA:11,1
DA:12,1
DA:13,1
DA:14,1
DA:15,1
DA:16,1
DA:17,1
DA:18,1
DA:19,1
DA:20,1
DA:21,1
DA:22,1
DA:23,1
DA:24,1
DA:25,1
DA:26,1
DA:27,1
DA:28,1
DA:29,1
DA:30,1
DA:31,1
LF:31
LH:31
BRDA:25,0,0,1
BRF:1
BRH:1
end_of_record
TN:
SF:src/config/errors.js
FN:2,AppError
FN:11,NotFoundError
FN:17,BadRequestError
FN:23,UnauthorizedError
FNF:4
FNH:3
FNDA:2,AppError
FNDA:0,NotFoundError
FNDA:2,BadRequestError
FNDA:1,UnauthorizedError
DA:1,1
DA:2,1
DA:3,2
DA:4,2
DA:5,2
DA:6,2
DA:7,2
DA:8,1
DA:9,1
DA:10,1
DA:11,1
DA:12,0
DA:13,0
DA:14,1
DA:15,1
DA:16,1
DA:17,1
DA:18,2
DA:19,2
DA:20,1
DA:21,1
DA:22,1
DA:23,1
DA:24,1
DA:25,1
DA:26,1
DA:27,1
DA:28,1
LF:28
LH:26
BRDA:2,0,0,2
BRDA:17,1,0,2
BRDA:23,2,0,1
BRF:3
BRH:3
end_of_record
TN:
SF:src/controllers/chessAssistantController.js
FN:4,chessAssistantController
FNF:1
FNH:1
FNDA:3,chessAssistantController
DA:1,1
DA:2,1
DA:3,1
DA:4,1
DA:5,3
DA:6,3
DA:7,1
DA:8,1
DA:9,2
DA:10,2
DA:11,3
DA:12,1
DA:13,1
DA:14,1
DA:15,1
DA:16,1
DA:17,1
DA:18,1
DA:19,3
DA:20,0
DA:21,0
DA:22,3
DA:23,1
DA:24,1
LF:24
LH:22
BRDA:4,0,0,3
BRDA:6,1,0,1
BRDA:8,2,0,2
BRDA:11,3,0,1
BRDA:19,4,0,0
BRF:5
BRH:4
end_of_record
TN:
SF:src/middleware/errorHandler.js
FN:4,errorHandler
FNF:1
FNH:1
FNDA:2,errorHandler
DA:1,1
DA:2,1
DA:3,1
DA:4,1
DA:5,2
DA:6,2
DA:7,2
DA:8,2
DA:9,2
DA:10,0
DA:11,0
DA:12,0
DA:13,1
DA:14,1
LF:14
LH:11
BRDA:4,0,0,2
BRDA:9,1,0,0
BRF:2
BRH:1
end_of_record
TN:
SF:src/middleware/handleFileUpload.js
FN:6,fileFilter
FN:14,handleMulterUpload
FNF:2
FNH:2
FNDA:4,fileFilter
FNDA:5,handleMulterUpload
DA:1,1
DA:2,1
DA:3,1
DA:4,1
DA:5,1
DA:6,1
DA:7,4
DA:8,1
DA:9,1
DA:10,3
DA:11,3
DA:12,1
DA:13,1
DA:14,1
DA:15,5
DA:16,5
DA:17,1
DA:18,1
DA:19,1
DA:20,0
DA:21,5
DA:22,1
DA:23,1
DA:24,3
DA:25,3
DA:26,5
DA:27,5
DA:28,1
DA:29,1
LF:29
LH:28
BRDA:6,0,0,4
BRDA:7,1,0,1
BRDA:9,2,0,3
BRDA:14,3,0,5
BRDA:15,4,0,5
BRDA:16,5,0,1
BRDA:19,6,0,0
BRDA:21,7,0,4
BRDA:21,8,0,1
BRDA:23,9,0,3
BRF:10
BRH:9
end_of_record
TN:
SF:src/middleware/loggingRequestHandler.js
FN:3,loggingHandler
FNF:1
FNH:1
FNDA:5,loggingHandler
DA:1,1
DA:2,1
DA:3,5
DA:4,5
DA:5,5
DA:6,5
DA:7,5
DA:8,5
DA:9,5
DA:10,5
DA:11,5
DA:12,1
DA:13,1
LF:13
LH:13
BRDA:3,0,0,5
BRDA:6,1,0,5
BRF:2
BRH:2
end_of_record
TN:
SF:src/routes/apiRoutes.js
FNF:0
FNH:0
DA:1,1
DA:2,1
DA:3,1
DA:4,1
DA:5,1
DA:6,1
DA:7,1
DA:8,1
DA:9,1
LF:9
LH:9
BRF:0
BRH:0
end_of_record
TN:
SF:src/services/ChessService.js
FN:3,ChessService
FN:7,getChessSuggestionByImg
FNF:2
FNH:2
FNDA:1,ChessService
FNDA:1,getChessSuggestionByImg
DA:1,1
DA:2,1
DA:3,1
DA:4,1
DA:5,1
DA:6,1
DA:7,1
DA:8,1
DA:9,1
DA:10,1
DA:11,1
DA:12,1
DA:13,1
DA:14,1
DA:15,1
DA:16,1
DA:17,1
DA:18,1
DA:19,1
DA:20,1
DA:21,1
DA:22,1
DA:23,1
DA:24,1
DA:25,1
DA:26,1
DA:27,1
DA:28,1
DA:29,1
DA:30,1
DA:31,1
DA:32,1
DA:33,1
DA:34,1
DA:35,1
DA:36,1
DA:37,1
DA:38,1
LF:38
LH:38
BRDA:3,0,0,1
BRDA:7,1,0,1
BRF:2
BRH:2
end_of_record
TN:
SF:src/services/HttpClientService.js
FN:7,HttpClientService
FN:13,request
FN:46,post
FN:50,get
FN:54,put
FN:58,delete
FN:62,handleRequestError
FN:92,isRetryableError
FN:101,getBackoffDelay
FNF:9
FNH:9
FNDA:16,HttpClientService
FNDA:7,request
FNDA:1,post
FNDA:1,get
FNDA:1,put
FNDA:1,delete
FNDA:5,handleRequestError
FNDA:17,isRetryableError
FNDA:9,getBackoffDelay
DA:1,1
DA:2,1
DA:3,1
DA:4,1
DA:5,1
DA:6,1
DA:7,1
DA:8,16
DA:9,16
DA:10,16
DA:11,16
DA:12,1
DA:13,1
DA:14,7
DA:15,7
DA:16,15
DA:17,15
DA:18,15
DA:19,15
DA:20,15
DA:21,15
DA:22,15
DA:23,15
DA:24,4
DA:25,4
DA:26,15
DA:27,13
DA:28,13
DA:29,13
DA:30,5
DA:31,5
DA:32,8
DA:33,8
DA:34,8
DA:35,8
DA:36,8
DA:37,8
DA:38,8
DA:39,8
DA:40,8
DA:41,15
DA:42,5
DA:43,5
DA:44,5
DA:45,1
DA:46,1
DA:47,1
DA:48,1
DA:49,1
DA:50,1
DA:51,1
DA:52,1
DA:53,1
DA:54,1
DA:55,1
DA:56,1
DA:57,1
DA:58,1
DA:59,1
DA:60,1
DA:61,1
DA:62,1
DA:63,5
DA:64,5
DA:65,5
DA:66,5
DA:67,3
DA:68,3
DA:69,3
DA:70,3
DA:71,3
DA:72,3
DA:73,3
DA:74,1
DA:75,3
DA:76,1
DA:77,3
DA:78,1
DA:79,0
DA:80,0
DA:81,1
DA:82,3
DA:83,3
DA:84,2
DA:85,5
DA:86,1
DA:87,1
DA:88,1
DA:89,1
DA:90,1
DA:91,1
DA:92,1
DA:93,17
DA:94,7
DA:95,7
DA:96,10
DA:97,10
DA:98,17
DA:99,17
DA:100,1
DA:101,1
DA:102,9
DA:103,9
DA:104,9
DA:105,9
DA:106,1
DA:107,1
DA:108,1
LF:108
LH:106
BRDA:7,0,0,16
BRDA:8,1,0,0
BRDA:9,2,0,0
BRDA:10,3,0,0
BRDA:13,4,0,7
BRDA:15,5,0,15
BRDA:23,6,0,4
BRDA:26,7,0,13
BRDA:29,8,0,11
BRDA:29,9,0,5
BRDA:31,10,0,8
BRDA:41,11,0,5
BRDA:46,12,0,1
BRDA:50,13,0,1
BRDA:54,14,0,1
BRDA:58,15,0,1
BRDA:62,16,0,5
BRDA:66,17,0,3
BRDA:68,18,0,0
BRDA:69,19,0,0
BRDA:72,20,0,1
BRDA:73,21,0,1
BRDA:75,22,0,1
BRDA:77,23,0,1
BRDA:78,24,0,0
BRDA:83,25,0,2
BRDA:85,26,0,1
BRDA:92,27,0,17
BRDA:93,28,0,7
BRDA:95,29,0,10
BRDA:98,30,0,6
BRDA:98,31,0,3
BRDA:101,32,0,9
BRF:33
BRH:27
end_of_record
TN:
SF:src/services/MistralService.js
FN:6,<instance_members_initializer>
FN:12,MistralService
FN:17,generatePrompt
FN:38,sendMessage
FNF:4
FNH:4
FNDA:6,<instance_members_initializer>
FNDA:6,MistralService
FNDA:4,generatePrompt
FNDA:2,sendMessage
DA:1,1
DA:2,1
DA:3,1
DA:4,1
DA:5,1
DA:6,1
DA:7,6
DA:8,6
DA:9,6
DA:10,6
DA:11,6
DA:12,6
DA:13,6
DA:14,6
DA:15,6
DA:16,6
DA:17,6
DA:18,4
DA:19,11
DA:20,11
DA:21,2
DA:22,11
DA:23,9
DA:24,9
DA:25,11
DA:26,11
DA:27,11
DA:28,11
DA:29,4
DA:30,11
DA:31,7
DA:32,7
DA:33,11
DA:34,11
DA:35,4
DA:36,4
DA:37,6
DA:38,6
DA:39,2
DA:40,2
DA:41,2
DA:42,2
DA:43,2
DA:44,2
DA:45,2
DA:46,2
DA:47,2
DA:48,2
DA:49,2
DA:50,2
DA:51,2
DA:52,2
DA:53,1
DA:54,1
DA:55,1
DA:56,2
DA:57,0
DA:58,0
DA:59,1
DA:60,1
DA:61,1
DA:62,1
DA:63,1
DA:64,1
DA:65,2
DA:66,6
DA:67,1
DA:68,1
LF:68
LH:66
BRDA:6,0,0,6
BRDA:12,1,0,6
BRDA:17,2,0,4
BRDA:18,3,0,11
BRDA:20,4,0,2
BRDA:22,5,0,9
BRDA:28,6,0,4
BRDA:30,7,0,7
BRDA:26,8,0,10
BRDA:38,9,0,2
BRDA:52,10,0,1
BRDA:56,11,0,1
BRDA:56,12,0,0
BRDA:58,13,0,1
BRDA:40,14,0,2
BRF:15
BRH:14
end_of_record
TN:
SF:src/services/RequestLimitQueueService.js
FN:5,<instance_members_initializer>
FN:11,RequestLimitQueueService
FN:17,startTask
FN:35,#processQueue
FNF:4
FNH:3
FNDA:0,<instance_members_initializer>
FNDA:5,RequestLimitQueueService
FNDA:9,startTask
FNDA:8,#processQueue
DA:1,1
DA:2,1
DA:3,1
DA:4,1
DA:5,1
DA:6,0
DA:7,0
DA:8,0
DA:9,0
DA:10,0
DA:11,0
DA:12,5
DA:13,5
DA:14,5
DA:15,5
DA:16,0
DA:17,0
DA:18,9
DA:19,1
DA:20,1
DA:21,8
DA:22,8
DA:23,8
DA:24,8
DA:25,8
DA:26,8
DA:27,8
DA:28,8
DA:29,8
DA:30,8
DA:31,8
DA:32,8
DA:33,8
DA:34,0
DA:35,0
DA:36,8
DA:37,4
DA:38,4
DA:39,4
DA:40,8
DA:41,6
DA:42,6
DA:43,6
DA:44,6
DA:45,6
DA:46,4
DA:47,6
DA:48,1
DA:49,6
DA:50,5
DA:51,5
DA:52,5
DA:53,5
DA:54,5
DA:55,5
DA:56,5
DA:57,3
DA:58,3
DA:59,3
DA:60,0
DA:61,1
DA:62,1
LF:62
LH:51
BRDA:5,0,0,0
BRDA:11,1,0,5
BRDA:17,2,0,9
BRDA:18,3,0,1
BRDA:20,4,0,8
BRDA:22,5,0,8
BRDA:35,6,0,8
BRDA:36,7,0,4
BRDA:36,8,0,4
BRDA:40,9,0,6
BRDA:45,10,0,4
BRDA:47,11,0,1
BRDA:49,12,0,5
BRDA:56,13,0,3
BRF:14
BRH:13
end_of_record
TN:
SF:src/utils/delay.js
FN:1,delay
FNF:1
FNH:1
FNDA:1,delay
DA:1,1
DA:2,1
DA:3,1
DA:4,1
DA:5,1
LF:5
LH:5
BRDA:1,0,0,1
BRDA:2,1,0,1
BRF:2
BRH:2
end_of_record
